<?xml version="1.0" encoding="UTF-8"?>
<!-- Generated by org.testng.reporters.JUnitReportReporter -->
<testsuite hostname="DESKTOP-E4GREIT" failures="0" tests="1" name="TestNG.t1" time="0.042" errors="0" timestamp="2022-04-25T14:25:04 IST" skipped="0">
  <testcase classname="TestNG.t1" name="tc1" time="0.042"/>
  <system-out>
    <![CDATA[HELLO
hai]]>
  </system-out>
</testsuite> <!-- TestNG.t1 -->
