<?xml version="1.0" encoding="UTF-8"?>
<!-- Generated by org.testng.reporters.JUnitReportReporter -->
<testsuite hostname="DESKTOP-E4GREIT" failures="0" tests="7" name="TestNG.test2" time="0.072" errors="0" timestamp="2022-04-20T18:09:27 IST" skipped="1">
  <testcase classname="TestNG.test2" name="calls" time="0.024"/>
  <system-out>
    <![CDATA[hai]]>
  </system-out>
  <testcase classname="TestNG.test2" name="chats" time="0.002"/>
  <system-out>
    <![CDATA[bai]]>
  </system-out>
  <testcase classname="TestNG.test2" name="chats" time="0.008"/>
  <system-out>
    <![CDATA[bai]]>
  </system-out>
  <testcase classname="TestNG.test2" name="chats" time="0.012"/>
  <system-out>
    <![CDATA[bai]]>
  </system-out>
  <testcase classname="TestNG.test2" name="chats" time="0.015"/>
  <system-out>
    <![CDATA[bai]]>
  </system-out>
  <testcase classname="TestNG.test2" name="chats" time="0.011"/>
  <system-out>
    <![CDATA[bai]]>
  </system-out>
  <testcase classname="TestNG.test2" name="settings">
    <skipped/>
  </testcase> <!-- settings -->
  <system-out/>
</testsuite> <!-- TestNG.test2 -->
